<?xml version="1.0" encoding="UTF-8"?>
<!-- Generated by org.testng.reporters.JUnitReportReporter -->
<testsuite hostname="Chinmayee" failures="0" tests="1" name="TC002_MovieReleaseDate" time="3.715" errors="0" timestamp="2020-05-18T21:53:21 IST" skipped="0">
  <testcase classname="TC002_MovieReleaseDate" name="MovieReleaseDate" time="3.715"/>
  <system-out/>
</testsuite> <!-- TC002_MovieReleaseDate -->
