<?xml version="1.0" encoding="UTF-8"?>
<!-- Generated by org.testng.reporters.JUnitReportReporter -->
<testsuite hostname="Chinmayee" failures="0" tests="1" name="TC001" time="3.406" errors="0" timestamp="2020-05-19T19:31:13 IST" skipped="0">
  <testcase classname="TC001" name="CheckStatusCode" time="3.406"/>
  <system-out/>
</testsuite> <!-- TC001 -->
