<?xml version="1.0" encoding="UTF-8"?>
<!-- Generated by org.testng.reporters.JUnitReportReporter -->
<testsuite hostname="Chinmayee" failures="0" tests="1" name="TC005_MovieLanguage" time="3.756" errors="0" timestamp="2020-05-18T21:54:00 IST" skipped="0">
  <testcase classname="TC005_MovieLanguage" name="CheckStatusCode" time="3.756"/>
  <system-out/>
</testsuite> <!-- TC005_MovieLanguage -->
