<?xml version="1.0" encoding="UTF-8"?>
<!-- Generated by org.testng.reporters.JUnitReportReporter -->
<testsuite hostname="Chinmayee" failures="0" tests="1" name="ContentAvailable" time="4.360" errors="0" timestamp="2020-05-18T11:49:24 IST" skipped="0">
  <testcase classname="ContentAvailable" name="ContentAvailable" time="4.360"/>
  <system-out/>
</testsuite> <!-- ContentAvailable -->
