<?xml version="1.0" encoding="UTF-8"?>
<!-- Generated by org.testng.reporters.JUnitReportReporter -->
<testsuite hostname="Chinmayee" failures="0" tests="1" name="TC003_MoviePosterURLValidation" time="3.521" errors="0" timestamp="2020-05-17T20:08:10 IST" skipped="0">
  <testcase classname="TC003_MoviePosterURLValidation" name="MoviePosterURL" time="3.521"/>
  <system-out/>
</testsuite> <!-- TC003_MoviePosterURLValidation -->
