<?xml version="1.0" encoding="UTF-8"?>
<!-- Generated by org.testng.reporters.JUnitReportReporter -->
<testsuite hostname="Chinmayee" failures="0" tests="1" name="Test1" time="2.581" errors="0" timestamp="2020-05-19T19:15:38 IST" skipped="0">
  <testcase classname="Test1" name="CheckStatusCode" time="2.581"/>
  <system-out/>
</testsuite> <!-- Test1 -->
