<?xml version="1.0" encoding="UTF-8"?>
<!-- Generated by org.testng.reporters.JUnitReportReporter -->
<testsuite hostname="Chinmayee" failures="0" tests="1" name="TC003_MoviePosterURL" time="2.864" errors="0" timestamp="2020-05-18T21:53:34 IST" skipped="0">
  <testcase classname="TC003_MoviePosterURL" name="MoviePosterURL" time="2.864"/>
  <system-out/>
</testsuite> <!-- TC003_MoviePosterURL -->
